# JRE version: OpenJDK Runtime Environment Microsoft-8035246 (17.0.8+7) (build 17.0.8+7-LTS)
# Java VM: OpenJDK 64-Bit Server VM Microsoft-8035246 (17.0.8+7-LTS, mixed mode, sharing, tiered, compressed oops, compressed class ptrs, g1 gc, windows-amd64)
GC Precious Log:
 CPUs: 8 total, 8 available
 Memory: 8006M
 Large Page Support: Disabled
 NUMA Support: Disabled
 Compressed Oops: Enabled (32-bit)
 Heap Region Size: 1M
 Heap Min Capacity: 8M
 Heap Initial Capacity: 126M
 Heap Max Capacity: 2G
 Pre-touch: Disabled
 Parallel Workers: 8
 Concurrent Workers: 2
 Concurrent Refinement Workers: 8
 Periodic GC: Disabled
Heap:
 garbage-first heap   total 323584K, used 204731K [0x0000000080000000, 0x0000000100000000)
  region size 1024K, 50 young (51200K), 2 survivors (2048K)
 Metaspace       used 114534K, committed 115840K, reserved 557056K
  class space    used 16071K, committed 16640K, reserved 425984K
GC Heap History (20 events):
Event: 99.479 GC heap before
{Heap before GC invocations=43 (full 0):
 garbage-first heap   total 323584K, used 113649K [0x0000000080000000, 0x0000000100000000)
  region size 1024K, 15 young (15360K), 11 survivors (11264K)
 Metaspace       used 82028K, committed 82944K, reserved 557056K
  class space    used 11504K, committed 11968K, reserved 425984K
}
Event: 99.486 GC heap after
{Heap after GC invocations=44 (full 0):
 garbage-first heap   total 323584K, used 109264K [0x0000000080000000, 0x0000000100000000)
  region size 1024K, 2 young (2048K), 2 survivors (2048K)
 Metaspace       used 82028K, committed 82944K, reserved 557056K
  class space    used 11504K, committed 11968K, reserved 425984K
}
Event: 99.956 GC heap before
{Heap before GC invocations=44 (full 0):
 garbage-first heap   total 323584K, used 201424K [0x0000000080000000, 0x0000000100000000)
  region size 1024K, 94 young (96256K), 2 survivors (2048K)
 Metaspace       used 82072K, committed 83008K, reserved 557056K
  class space    used 11509K, committed 11968K, reserved 425984K
}
Event: 99.961 GC heap after
{Heap after GC invocations=45 (full 0):
 garbage-first heap   total 323584K, used 112084K [0x0000000080000000, 0x0000000100000000)
  region size 1024K, 5 young (5120K), 5 survivors (5120K)
 Metaspace       used 82072K, committed 83008K, reserved 557056K
  class space    used 11509K, committed 11968K, reserved 425984K
}
Event: 101.341 GC heap before
{Heap before GC invocations=46 (full 0):
 garbage-first heap   total 323584K, used 263636K [0x0000000080000000, 0x0000000100000000)
  region size 1024K, 141 young (144384K), 5 survivors (5120K)
 Metaspace       used 89501K, committed 90496K, reserved 557056K
  class space    used 12382K, committed 12864K, reserved 425984K
}
Event: 101.351 GC heap after
{Heap after GC invocations=47 (full 0):
 garbage-first heap   total 323584K, used 129237K [0x0000000080000000, 0x0000000100000000)
  region size 1024K, 17 young (17408K), 17 survivors (17408K)
 Metaspace       used 89501K, committed 90496K, reserved 557056K
  class space    used 12382K, committed 12864K, reserved 425984K
}
Event: 101.360 GC heap before
{Heap before GC invocations=47 (full 0):
 garbage-first heap   total 323584K, used 130261K [0x0000000080000000, 0x0000000100000000)
  region size 1024K, 18 young (18432K), 17 survivors (17408K)
 Metaspace       used 89570K, committed 90560K, reserved 557056K
  class space    used 12390K, committed 12864K, reserved 425984K
}
Event: 101.367 GC heap after
{Heap after GC invocations=48 (full 0):
 garbage-first heap   total 323584K, used 128982K [0x0000000080000000, 0x0000000100000000)
  region size 1024K, 2 young (2048K), 2 survivors (2048K)
 Metaspace       used 89570K, committed 90560K, reserved 557056K
  class space    used 12390K, committed 12864K, reserved 425984K
}
Event: 103.392 GC heap before
{Heap before GC invocations=48 (full 0):
 garbage-first heap   total 323584K, used 258006K [0x0000000080000000, 0x0000000100000000)
  region size 1024K, 128 young (131072K), 2 survivors (2048K)
 Metaspace       used 96399K, committed 97408K, reserved 557056K
  class space    used 13326K, committed 13824K, reserved 425984K
}
Event: 103.397 GC heap after
{Heap after GC invocations=49 (full 0):
 garbage-first heap   total 323584K, used 132511K [0x0000000080000000, 0x0000000100000000)
  region size 1024K, 6 young (6144K), 6 survivors (6144K)
 Metaspace       used 96399K, committed 97408K, reserved 557056K
  class space    used 13326K, committed 13824K, reserved 425984K
}
Event: 109.703 GC heap before
{Heap before GC invocations=50 (full 0):
 garbage-first heap   total 323584K, used 262559K [0x0000000080000000, 0x0000000100000000)
  region size 1024K, 132 young (135168K), 6 survivors (6144K)
 Metaspace       used 101077K, committed 102144K, reserved 557056K
  class space    used 14036K, committed 14528K, reserved 425984K
}
Event: 109.710 GC heap after
{Heap after GC invocations=51 (full 0):
 garbage-first heap   total 323584K, used 139487K [0x0000000080000000, 0x0000000100000000)
  region size 1024K, 12 young (12288K), 12 survivors (12288K)
 Metaspace       used 101077K, committed 102144K, reserved 557056K
  class space    used 14036K, committed 14528K, reserved 425984K
}
Event: 109.733 GC heap before
{Heap before GC invocations=51 (full 0):
 garbage-first heap   total 323584K, used 141535K [0x0000000080000000, 0x0000000100000000)
  region size 1024K, 15 young (15360K), 12 survivors (12288K)
 Metaspace       used 101245K, committed 102336K, reserved 557056K
  class space    used 14071K, committed 14592K, reserved 425984K
}
Event: 109.741 GC heap after
{Heap after GC invocations=52 (full 0):
 garbage-first heap   total 323584K, used 139589K [0x0000000080000000, 0x0000000100000000)
  region size 1024K, 2 young (2048K), 2 survivors (2048K)
 Metaspace       used 101245K, committed 102336K, reserved 557056K
  class space    used 14071K, committed 14592K, reserved 425984K
}
Event: 113.485 GC heap before
{Heap before GC invocations=52 (full 0):
 garbage-first heap   total 323584K, used 264517K [0x0000000080000000, 0x0000000100000000)
  region size 1024K, 124 young (126976K), 2 survivors (2048K)
 Metaspace       used 107575K, committed 108672K, reserved 557056K
  class space    used 15060K, committed 15552K, reserved 425984K
}
Event: 113.491 GC heap after
{Heap after GC invocations=53 (full 0):
 garbage-first heap   total 323584K, used 144224K [0x0000000080000000, 0x0000000100000000)
  region size 1024K, 7 young (7168K), 7 survivors (7168K)
 Metaspace       used 107575K, committed 108672K, reserved 557056K
  class space    used 15060K, committed 15552K, reserved 425984K
}
Event: 114.940 GC heap before
{Heap before GC invocations=54 (full 0):
 garbage-first heap   total 323584K, used 265056K [0x0000000080000000, 0x0000000100000000)
  region size 1024K, 125 young (128000K), 7 survivors (7168K)
 Metaspace       used 113783K, committed 114944K, reserved 557056K
  class space    used 15979K, committed 16512K, reserved 425984K
}
Event: 114.951 GC heap after
{Heap after GC invocations=55 (full 0):
 garbage-first heap   total 323584K, used 155309K [0x0000000080000000, 0x0000000100000000)
  region size 1024K, 16 young (16384K), 16 survivors (16384K)
 Metaspace       used 113783K, committed 114944K, reserved 557056K
  class space    used 15979K, committed 16512K, reserved 425984K
}
Event: 114.961 GC heap before
{Heap before GC invocations=55 (full 0):
 garbage-first heap   total 323584K, used 156333K [0x0000000080000000, 0x0000000100000000)
  region size 1024K, 17 young (17408K), 16 survivors (16384K)
 Metaspace       used 113809K, committed 115008K, reserved 557056K
  class space    used 15984K, committed 16576K, reserved 425984K
}
Event: 114.972 GC heap after
{Heap after GC invocations=56 (full 0):
 garbage-first heap   total 323584K, used 156603K [0x0000000080000000, 0x0000000100000000)
  region size 1024K, 2 young (2048K), 2 survivors (2048K)
 Metaspace       used 113809K, committed 115008K, reserved 557056K
  class space    used 15984K, committed 16576K, reserved 425984K
}

